TN:
SF:src/db/init.js
FN:3,initDatabase
FN:5,(anonymous_1)
FNF:2
FNH:2
FNDA:1,initDatabase
FNDA:1,(anonymous_1)
DA:4,1
DA:5,1
DA:6,1
DA:8,1
DA:9,1
LF:5
LH:5
BRF:0
BRH:0
end_of_record
TN:
SF:src/db/models/post.js
FNF:0
FNH:0
DA:3,1
DA:12,1
LF:2
LH:2
BRF:0
BRH:0
end_of_record
TN:
SF:src/db/models/user.js
FNF:0
FNH:0
DA:3,1
DA:7,1
LF:2
LH:2
BRF:0
BRH:0
end_of_record
TN:
SF:src/services/posts.js
FN:4,createPost
FN:9,listPosts
FN:16,listAllPosts
FN:20,listPostsByAuthor
FN:26,listPostsByTag
FN:30,getPostById
FN:34,updatePost
FN:42,deletePost
FNF:8
FNH:0
FNDA:0,createPost
FNDA:0,listPosts
FNDA:0,listAllPosts
FNDA:0,listPostsByAuthor
FNDA:0,listPostsByTag
FNDA:0,getPostById
FNDA:0,updatePost
FNDA:0,deletePost
DA:5,0
DA:6,0
DA:13,0
DA:17,0
DA:21,0
DA:22,0
DA:23,0
DA:27,0
DA:31,0
DA:35,0
DA:43,0
LF:11
LH:0
BRDA:10,0,0,0
BRDA:11,1,0,0
BRDA:11,2,0,0
BRDA:11,3,0,0
BRDA:22,4,0,0
BRDA:22,4,1,0
BRF:6
BRH:0
end_of_record
